2025-02-15 07:01:00 | DEBUG | repo=Clean-Blog | action=commit
2025-09-21 19:24:00 | DEBUG | repo=Clean-Blog | action=commit
2025-09-13 17:44:00 | WARN | repo=Clean-Blog | action=commit
2025-11-05 21:45:00 | WARN | repo=Clean-Blog | action=pull
2025-12-25 17:26:00 | INFO | repo=Clean-Blog | action=commit
2025-02-09 15:44:00 | WARN | repo=Clean-Blog | action=commit
2025-08-23 17:41:00 | DEBUG | repo=Clean-Blog | action=commit
2025-07-23 19:32:00 | DEBUG | repo=Clean-Blog | action=commit
2025-10-02 19:25:00 | INFO | repo=Clean-Blog | action=commit
2025-12-21 21:34:00 | INFO | repo=Clean-Blog | action=commit
2025-02-05 07:01:00 | WARN | repo=Clean-Blog | action=commit
2025-03-27 13:23:00 | WARN | repo=Clean-Blog | action=commit
2025-08-07 14:55:00 | INFO | repo=Clean-Blog | action=commit
2025-07-18 08:29:00 | INFO | repo=Clean-Blog | action=commit
2025-10-06 17:35:00 | DEBUG | repo=Clean-Blog | action=commit
2025-05-04 08:56:00 | WARN | repo=Clean-Blog | action=test | passed=true
2025-03-18 16:11:00 | WARN | repo=Clean-Blog | action=commit
2025-07-15 17:26:00 | INFO | repo=Clean-Blog | action=commit
2025-09-07 10:29:00 | DEBUG | repo=Clean-Blog | action=commit
2025-05-07 08:15:00 | DEBUG | repo=Clean-Blog | action=commit
2025-06-16 21:49:00 | WARN | repo=Clean-Blog | action=commit
